<?xml version="1.0" encoding="UTF-8"?>
<!-- Generated by org.testng.reporters.JUnitReportReporter -->
<testsuite hostname="LAPTOP-7DCLOBJT" failures="0" tests="1" name="musixapp_crud.get_all" time="1.160" errors="0" timestamp="2022-07-17T22:58:45 IST" skipped="0">
  <testcase classname="musixapp_crud.get_all" name="get_all_method" time="1.160"/>
  <system-out/>
</testsuite> <!-- musixapp_crud.get_all -->
