<?xml version="1.0" encoding="UTF-8"?>
<!-- Generated by org.testng.reporters.JUnitReportReporter -->
<testsuite hostname="LAPTOP-7DCLOBJT" failures="0" tests="12" name="runner.testRunner" time="255.215" errors="0" timestamp="2022-07-18T20:00:44 IST" skipped="0">
  <testcase classname="runner.testRunner" name="runScenario" time="36.884"/>
  <system-out/>
  <testcase classname="runner.testRunner" name="runScenario" time="49.977"/>
  <system-out/>
  <testcase classname="runner.testRunner" name="runScenario" time="15.990"/>
  <system-out/>
  <testcase classname="runner.testRunner" name="runScenario" time="16.330"/>
  <system-out/>
  <testcase classname="runner.testRunner" name="runScenario" time="13.831"/>
  <system-out/>
  <testcase classname="runner.testRunner" name="runScenario" time="20.606"/>
  <system-out/>
  <testcase classname="runner.testRunner" name="runScenario" time="16.836"/>
  <system-out/>
  <testcase classname="runner.testRunner" name="runScenario" time="26.392"/>
  <system-out/>
  <testcase classname="runner.testRunner" name="runScenario" time="14.357"/>
  <system-out/>
  <testcase classname="runner.testRunner" name="runScenario" time="14.147"/>
  <system-out/>
  <testcase classname="runner.testRunner" name="runScenario" time="16.485"/>
  <system-out/>
  <testcase classname="runner.testRunner" name="runScenario" time="13.380"/>
  <system-out/>
</testsuite> <!-- runner.testRunner -->
