<?xml version="1.0" encoding="UTF-8"?>
<!-- Generated by org.testng.reporters.JUnitReportReporter -->
<testsuite hostname="LAPTOP-7DCLOBJT" failures="0" tests="1" name="musixapp_crud.ReadAll_musix" time="1.536" errors="0" timestamp="2022-07-18T21:45:13 IST" skipped="0">
  <testcase classname="musixapp_crud.ReadAll_musix" name="get_all_method" time="1.536"/>
  <system-out/>
</testsuite> <!-- musixapp_crud.ReadAll_musix -->
