<?xml version="1.0" encoding="UTF-8"?>
<!-- Generated by org.testng.reporters.JUnitReportReporter -->
<testsuite hostname="LAPTOP-7DCLOBJT" failures="0" tests="1" name="musixapp_crud.Update_musix" time="1.775" errors="0" timestamp="2022-07-18T20:17:39 IST" skipped="0">
  <testcase classname="musixapp_crud.Update_musix" name="put_method" time="1.775"/>
  <system-out/>
</testsuite> <!-- musixapp_crud.Update_musix -->
