<?xml version="1.0" encoding="UTF-8"?>
<!-- Generated by org.testng.reporters.JUnitReportReporter -->
<testsuite hostname="LAPTOP-7DCLOBJT" failures="0" tests="1" name="musixapp_crud.Create_musix" time="0.031" errors="0" timestamp="2022-07-18T20:15:18 IST" skipped="0">
  <testcase classname="musixapp_crud.Create_musix" name="post_method" time="0.031"/>
  <system-out/>
</testsuite> <!-- musixapp_crud.Create_musix -->
