<?xml version="1.0" encoding="UTF-8"?>
<!-- Generated by org.testng.reporters.JUnitReportReporter -->
<testsuite hostname="LAPTOP-7DCLOBJT" failures="0" tests="1" name="musixapp_crud.Read_musix" time="1.759" errors="0" timestamp="2022-07-18T22:03:49 IST" skipped="0">
  <testcase classname="musixapp_crud.Read_musix" name="get_method" time="1.759"/>
  <system-out/>
</testsuite> <!-- musixapp_crud.Read_musix -->
