<?xml version="1.0" encoding="UTF-8"?>
<!-- Generated by org.testng.reporters.JUnitReportReporter -->
<testsuite hostname="LAPTOP-7DCLOBJT" failures="0" tests="1" name="musixapp_crud.delete" time="1.876" errors="0" timestamp="2022-07-17T23:38:18 IST" skipped="0">
  <testcase classname="musixapp_crud.delete" name="delete_method" time="1.876"/>
  <system-out/>
</testsuite> <!-- musixapp_crud.delete -->
