<?xml version="1.0" encoding="UTF-8"?>
<!-- Generated by org.testng.reporters.JUnitReportReporter -->
<testsuite hostname="LAPTOP-7DCLOBJT" failures="0" tests="1" name="musixapp_crud.get" time="1.221" errors="0" timestamp="2022-07-17T23:03:26 IST" skipped="0">
  <testcase classname="musixapp_crud.get" name="get_method" time="1.221"/>
  <system-out/>
</testsuite> <!-- musixapp_crud.get -->
