<?xml version="1.0" encoding="UTF-8"?>
<!-- Generated by org.testng.reporters.JUnitReportReporter -->
<testsuite hostname="LAPTOP-7DCLOBJT" failures="0" tests="1" name="musixapp_crud.Read_musix" time="0.050" errors="0" timestamp="2022-07-18T01:45:08 IST" skipped="0">
  <testcase classname="musixapp_crud.Read_musix" name="get_method" time="0.050"/>
  <system-out/>
</testsuite> <!-- musixapp_crud.Read_musix -->
