<?xml version="1.0" encoding="UTF-8"?>
<!-- Generated by org.testng.reporters.JUnitReportReporter -->
<testsuite hostname="LAPTOP-7DCLOBJT" failures="0" tests="1" name="musixapp_crud.post" time="1.515" errors="0" timestamp="2022-07-17T22:27:17 IST" skipped="0">
  <testcase classname="musixapp_crud.post" name="post_method" time="1.515"/>
  <system-out/>
</testsuite> <!-- musixapp_crud.post -->
